# JRE version: Java(TM) SE Runtime Environment (17.0.10+11) (build 17.0.10+11-LTS-240)
# Java VM: Java HotSpot(TM) 64-Bit Server VM (17.0.10+11-LTS-240, mixed mode, sharing, tiered, compressed oops, compressed class ptrs, g1 gc, windows-amd64)
GC Precious Log:
 CPUs: 4 total, 4 available
 Memory: 3930M
 Large Page Support: Disabled
 NUMA Support: Disabled
 Compressed Oops: Enabled (32-bit)
 Heap Region Size: 1M
 Heap Min Capacity: 8M
 Heap Initial Capacity: 62M
 Heap Max Capacity: 984M
 Pre-touch: Disabled
 Parallel Workers: 4
 Concurrent Workers: 1
 Concurrent Refinement Workers: 4
 Periodic GC: Disabled
Heap:
 garbage-first heap   total 76800K, used 37736K [0x00000000c2800000, 0x0000000100000000)
  region size 1024K, 11 young (11264K), 4 survivors (4096K)
 Metaspace       used 51034K, committed 51584K, reserved 1114112K
  class space    used 6801K, committed 7040K, reserved 1048576K
GC Heap History (20 events):
Event: 8.116 GC heap before
{Heap before GC invocations=4 (full 0):
 garbage-first heap   total 63488K, used 39555K [0x00000000c2800000, 0x0000000100000000)
  region size 1024K, 25 young (25600K), 2 survivors (2048K)
 Metaspace       used 17242K, committed 17472K, reserved 1114112K
  class space    used 2206K, committed 2304K, reserved 1048576K
}
Event: 8.121 GC heap after
{Heap after GC invocations=5 (full 0):
 garbage-first heap   total 63488K, used 18473K [0x00000000c2800000, 0x0000000100000000)
  region size 1024K, 3 young (3072K), 3 survivors (3072K)
 Metaspace       used 17242K, committed 17472K, reserved 1114112K
  class space    used 2206K, committed 2304K, reserved 1048576K
}
Event: 9.300 GC heap before
{Heap before GC invocations=5 (full 0):
 garbage-first heap   total 63488K, used 42025K [0x00000000c2800000, 0x0000000100000000)
  region size 1024K, 27 young (27648K), 3 survivors (3072K)
 Metaspace       used 21066K, committed 21312K, reserved 1114112K
  class space    used 2660K, committed 2752K, reserved 1048576K
}
Event: 9.309 GC heap after
{Heap after GC invocations=6 (full 0):
 garbage-first heap   total 63488K, used 20842K [0x00000000c2800000, 0x0000000100000000)
  region size 1024K, 4 young (4096K), 4 survivors (4096K)
 Metaspace       used 21066K, committed 21312K, reserved 1114112K
  class space    used 2660K, committed 2752K, reserved 1048576K
}
Event: 9.663 GC heap before
{Heap before GC invocations=6 (full 0):
 garbage-first heap   total 63488K, used 23914K [0x00000000c2800000, 0x0000000100000000)
  region size 1024K, 8 young (8192K), 4 survivors (4096K)
 Metaspace       used 21262K, committed 21504K, reserved 1114112K
  class space    used 2681K, committed 2816K, reserved 1048576K
}
Event: 9.675 GC heap after
{Heap after GC invocations=7 (full 0):
 garbage-first heap   total 63488K, used 21265K [0x00000000c2800000, 0x0000000100000000)
  region size 1024K, 1 young (1024K), 1 survivors (1024K)
 Metaspace       used 21262K, committed 21504K, reserved 1114112K
  class space    used 2681K, committed 2816K, reserved 1048576K
}
Event: 11.861 GC heap before
{Heap before GC invocations=8 (full 0):
 garbage-first heap   total 63488K, used 41745K [0x00000000c2800000, 0x0000000100000000)
  region size 1024K, 24 young (24576K), 1 survivors (1024K)
 Metaspace       used 23689K, committed 24000K, reserved 1114112K
  class space    used 3024K, committed 3136K, reserved 1048576K
}
Event: 11.868 GC heap after
{Heap after GC invocations=9 (full 0):
 garbage-first heap   total 63488K, used 19783K [0x00000000c2800000, 0x0000000100000000)
  region size 1024K, 3 young (3072K), 3 survivors (3072K)
 Metaspace       used 23689K, committed 24000K, reserved 1114112K
  class space    used 3024K, committed 3136K, reserved 1048576K
}
Event: 12.998 GC heap before
{Heap before GC invocations=9 (full 0):
 garbage-first heap   total 63488K, used 45383K [0x00000000c2800000, 0x0000000100000000)
  region size 1024K, 28 young (28672K), 3 survivors (3072K)
 Metaspace       used 29248K, committed 29568K, reserved 1114112K
  class space    used 3870K, committed 4032K, reserved 1048576K
}
Event: 13.010 GC heap after
{Heap after GC invocations=10 (full 0):
 garbage-first heap   total 63488K, used 21513K [0x00000000c2800000, 0x0000000100000000)
  region size 1024K, 4 young (4096K), 4 survivors (4096K)
 Metaspace       used 29248K, committed 29568K, reserved 1114112K
  class space    used 3870K, committed 4032K, reserved 1048576K
}
Event: 14.651 GC heap before
{Heap before GC invocations=10 (full 0):
 garbage-first heap   total 63488K, used 47113K [0x00000000c2800000, 0x0000000100000000)
  region size 1024K, 29 young (29696K), 4 survivors (4096K)
 Metaspace       used 33113K, committed 33536K, reserved 1114112K
  class space    used 4410K, committed 4608K, reserved 1048576K
}
Event: 14.665 GC heap after
{Heap after GC invocations=11 (full 0):
 garbage-first heap   total 63488K, used 23146K [0x00000000c2800000, 0x0000000100000000)
  region size 1024K, 4 young (4096K), 4 survivors (4096K)
 Metaspace       used 33113K, committed 33536K, reserved 1114112K
  class space    used 4410K, committed 4608K, reserved 1048576K
}
Event: 16.033 GC heap before
{Heap before GC invocations=11 (full 0):
 garbage-first heap   total 63488K, used 40554K [0x00000000c2800000, 0x0000000100000000)
  region size 1024K, 22 young (22528K), 4 survivors (4096K)
 Metaspace       used 35615K, committed 35968K, reserved 1114112K
  class space    used 4749K, committed 4928K, reserved 1048576K
}
Event: 16.053 GC heap after
{Heap after GC invocations=12 (full 0):
 garbage-first heap   total 63488K, used 24555K [0x00000000c2800000, 0x0000000100000000)
  region size 1024K, 3 young (3072K), 3 survivors (3072K)
 Metaspace       used 35615K, committed 35968K, reserved 1114112K
  class space    used 4749K, committed 4928K, reserved 1048576K
}
Event: 18.024 GC heap before
{Heap before GC invocations=13 (full 0):
 garbage-first heap   total 63488K, used 49131K [0x00000000c2800000, 0x0000000100000000)
  region size 1024K, 27 young (27648K), 3 survivors (3072K)
 Metaspace       used 39577K, committed 40000K, reserved 1114112K
  class space    used 5295K, committed 5504K, reserved 1048576K
}
Event: 18.041 GC heap after
{Heap after GC invocations=14 (full 0):
 garbage-first heap   total 63488K, used 27313K [0x00000000c2800000, 0x0000000100000000)
  region size 1024K, 4 young (4096K), 4 survivors (4096K)
 Metaspace       used 39577K, committed 40000K, reserved 1114112K
  class space    used 5295K, committed 5504K, reserved 1048576K
}
Event: 21.945 GC heap before
{Heap before GC invocations=14 (full 0):
 garbage-first heap   total 63488K, used 48817K [0x00000000c2800000, 0x0000000100000000)
  region size 1024K, 25 young (25600K), 4 survivors (4096K)
 Metaspace       used 44537K, committed 44928K, reserved 1114112K
  class space    used 5957K, committed 6144K, reserved 1048576K
}
Event: 21.959 GC heap after
{Heap after GC invocations=15 (full 0):
 garbage-first heap   total 76800K, used 29366K [0x00000000c2800000, 0x0000000100000000)
  region size 1024K, 2 young (2048K), 2 survivors (2048K)
 Metaspace       used 44537K, committed 44928K, reserved 1114112K
  class space    used 5957K, committed 6144K, reserved 1048576K
}
Event: 368.206 GC heap before
{Heap before GC invocations=15 (full 0):
 garbage-first heap   total 76800K, used 60086K [0x00000000c2800000, 0x0000000100000000)
  region size 1024K, 32 young (32768K), 2 survivors (2048K)
 Metaspace       used 50791K, committed 51328K, reserved 1114112K
  class space    used 6794K, committed 7040K, reserved 1048576K
}
Event: 368.429 GC heap after
{Heap after GC invocations=16 (full 0):
 garbage-first heap   total 76800K, used 31592K [0x00000000c2800000, 0x0000000100000000)
  region size 1024K, 4 young (4096K), 4 survivors (4096K)
 Metaspace       used 50791K, committed 51328K, reserved 1114112K
  class space    used 6794K, committed 7040K, reserved 1048576K
}

